<?xml version="1.0" encoding="utf-8"?><testsuites name="pytest tests"><testsuite name="pytest" errors="0" failures="0" skipped="0" tests="30" time="11.239" timestamp="2026-05-02T02:21:01.612517+00:00" hostname="agent-env-244bb3e5-40df-4d47-a418-c3dbc54bdcf7"><testcase classname="backend.tests.test_myfinance_api.TestAuth" name="test_duplicate_register" time="1.405" /><testcase classname="backend.tests.test_myfinance_api.TestAuth" name="test_login_valid" time="0.334" /><testcase classname="backend.tests.test_myfinance_api.TestAuth" name="test_login_wrong_password" time="0.374" /><testcase classname="backend.tests.test_myfinance_api.TestAuth" name="test_login_unknown_email" time="0.170" /><testcase classname="backend.tests.test_myfinance_api.TestAuth" name="test_me_valid" time="0.229" /><testcase classname="backend.tests.test_myfinance_api.TestAuth" name="test_me_no_token" time="0.118" /><testcase classname="backend.tests.test_myfinance_api.TestAuth" name="test_me_bad_token" time="0.112" /><testcase classname="backend.tests.test_myfinance_api.TestSeed" name="test_default_buckets" time="0.147" /><testcase classname="backend.tests.test_myfinance_api.TestSeed" name="test_default_budget" time="0.159" /><testcase classname="backend.tests.test_myfinance_api.TestSeed" name="test_expenses_empty" time="0.105" /><testcase classname="backend.tests.test_myfinance_api.TestSeed" name="test_debts_empty" time="0.148" /><testcase classname="backend.tests.test_myfinance_api.TestExpenses" name="test_crud" time="1.106" /><testcase classname="backend.tests.test_myfinance_api.TestExpenses" name="test_no_auth" time="0.106" /><testcase classname="backend.tests.test_myfinance_api.TestDebts" name="test_create_and_payoff" time="0.777" /><testcase classname="backend.tests.test_myfinance_api.TestDebts" name="test_delete_debt" time="0.367" /><testcase classname="backend.tests.test_myfinance_api.TestBudget" name="test_update" time="0.262" /><testcase classname="backend.tests.test_myfinance_api.TestBuckets" name="test_crud" time="0.396" /><testcase classname="backend.tests.test_myfinance_api.TestMultiTenancy" name="test_isolation" time="1.552" /><testcase classname="backend.tests.test_myfinance_api.TestDelete404" name="test_delete_expense_nonexistent" time="0.133" /><testcase classname="backend.tests.test_myfinance_api.TestDelete404" name="test_delete_debt_nonexistent" time="0.106" /><testcase classname="backend.tests.test_myfinance_api.TestDelete404" name="test_delete_bucket_nonexistent" time="0.145" /><testcase classname="backend.tests.test_myfinance_api.TestDelete404" name="test_delete_debt_cross_user_404" time="0.354" /><testcase classname="backend.tests.test_myfinance_api.TestDelete404" name="test_delete_bucket_cross_user_404" time="0.254" /><testcase classname="backend.tests.test_myfinance_api.TestDelete404" name="test_delete_owned_returns_ok_true" time="0.270" /><testcase classname="backend.tests.test_myfinance_api.TestPaymentValidation" name="test_payment_amount_zero_400" time="0.234" /><testcase classname="backend.tests.test_myfinance_api.TestPaymentValidation" name="test_payment_amount_negative_400" time="0.221" /><testcase classname="backend.tests.test_myfinance_api.TestPaymentValidation" name="test_payment_on_paid_debt_400" time="0.355" /><testcase classname="backend.tests.test_myfinance_api.TestPaymentValidation" name="test_payment_partial_then_full_flow" time="0.489" /><testcase classname="backend.tests.test_myfinance_api.TestLifespan" name="test_root_ok" time="0.107" /><testcase classname="backend.tests.test_myfinance_api.TestLifespan" name="test_unique_email_index_enforced" time="0.103" /></testsuite></testsuites>