<?xml version="1.0" encoding="utf-8"?><testsuites name="pytest tests"><testsuite name="pytest" errors="0" failures="0" skipped="0" tests="18" time="6.400" timestamp="2026-05-02T02:01:43.161490+00:00" hostname="agent-env-244bb3e5-40df-4d47-a418-c3dbc54bdcf7"><testcase classname="backend.tests.test_myfinance_api.TestAuth" name="test_duplicate_register" time="0.622" /><testcase classname="backend.tests.test_myfinance_api.TestAuth" name="test_login_valid" time="0.327" /><testcase classname="backend.tests.test_myfinance_api.TestAuth" name="test_login_wrong_password" time="0.336" /><testcase classname="backend.tests.test_myfinance_api.TestAuth" name="test_login_unknown_email" time="0.145" /><testcase classname="backend.tests.test_myfinance_api.TestAuth" name="test_me_valid" time="0.140" /><testcase classname="backend.tests.test_myfinance_api.TestAuth" name="test_me_no_token" time="0.160" /><testcase classname="backend.tests.test_myfinance_api.TestAuth" name="test_me_bad_token" time="0.155" /><testcase classname="backend.tests.test_myfinance_api.TestSeed" name="test_default_buckets" time="0.100" /><testcase classname="backend.tests.test_myfinance_api.TestSeed" name="test_default_budget" time="0.107" /><testcase classname="backend.tests.test_myfinance_api.TestSeed" name="test_expenses_empty" time="0.195" /><testcase classname="backend.tests.test_myfinance_api.TestSeed" name="test_debts_empty" time="0.115" /><testcase classname="backend.tests.test_myfinance_api.TestExpenses" name="test_crud" time="0.654" /><testcase classname="backend.tests.test_myfinance_api.TestExpenses" name="test_no_auth" time="0.111" /><testcase classname="backend.tests.test_myfinance_api.TestDebts" name="test_create_and_payoff" time="0.711" /><testcase classname="backend.tests.test_myfinance_api.TestDebts" name="test_delete_debt" time="0.336" /><testcase classname="backend.tests.test_myfinance_api.TestBudget" name="test_update" time="0.229" /><testcase classname="backend.tests.test_myfinance_api.TestBuckets" name="test_crud" time="0.345" /><testcase classname="backend.tests.test_myfinance_api.TestMultiTenancy" name="test_isolation" time="1.485" /></testsuite></testsuites>